{"level":"info","msg":"HTTP服务器启动在端口:8080\n","time":"2024-12-30T15:24:33+08:00"}
{"level":"info","msg":"HTTP服务器启动在端口:8080\n","time":"2024-12-30T15:27:54+08:00"}
{"level":"info","msg":"HTTP服务器启动在端口:8080\n","time":"2024-12-30T15:31:55+08:00"}
{"level":"info","msg":"HTTP服务器启动在端口:8080\n","time":"2024-12-30T15:32:02+08:00"}
{"level":"info","msg":"成功连接到MySQL数据库","time":"2024-12-30T15:32:52+08:00"}
{"level":"info","msg":"HTTP服务器启动在端口:8080\n","time":"2024-12-30T15:32:52+08:00"}
{"level":"info","msg":"成功连接到MySQL数据库","time":"2024-12-30T16:42:48+08:00"}
{"level":"info","msg":"HTTP服务器启动在端口:8080\n","time":"2024-12-30T16:42:48+08:00"}
{"level":"error","msg":"Error 1054 (42S22): Unknown column 'deleted_at' in 'field list'","time":"2024-12-30T16:46:19+08:00"}
{"level":"error","msg":"Error 1054 (42S22): Unknown column 'deleted_at' in 'field list'","time":"2024-12-30T16:46:19+08:00"}
{"level":"info","msg":"成功连接到MySQL数据库","time":"2024-12-30T16:47:44+08:00"}
{"level":"info","msg":"HTTP服务器启动在端口:8080\n","time":"2024-12-30T16:47:44+08:00"}
{"level":"error","msg":"Error 1292 (22007): Incorrect date value: '' for column 'date_of_birth' at row 1","time":"2024-12-30T16:48:47+08:00"}
{"level":"error","msg":"Error 1292 (22007): Incorrect date value: '' for column 'date_of_birth' at row 1","time":"2024-12-30T16:48:47+08:00"}
{"level":"info","msg":"成功连接到MySQL数据库","time":"2024-12-30T16:51:46+08:00"}
{"level":"info","msg":"HTTP服务器启动在端口:8080\n","time":"2024-12-30T16:51:46+08:00"}
{"level":"info","msg":"成功连接到MySQL数据库","time":"2024-12-30T16:55:06+08:00"}
{"level":"info","msg":"HTTP服务器启动在端口:8080\n","time":"2024-12-30T16:55:06+08:00"}
{"level":"info","msg":"成功连接到MySQL数据库","time":"2024-12-30T17:01:16+08:00"}
{"level":"info","msg":"HTTP服务器启动在端口:8080\n","time":"2024-12-30T17:01:16+08:00"}
{"level":"info","msg":"成功连接到MySQL数据库","time":"2024-12-30T17:08:10+08:00"}
{"level":"info","msg":"HTTP服务器启动在端口:8080\n","time":"2024-12-30T17:08:10+08:00"}
{"level":"error","msg":"密码错误","time":"2024-12-30T17:26:48+08:00"}
{"level":"error","msg":"密码错误","time":"2024-12-30T17:29:00+08:00"}
{"level":"error","msg":"密码错误","time":"2024-12-30T17:29:00+08:00"}
{"level":"error","msg":"密码错误","time":"2024-12-30T17:29:02+08:00"}
{"level":"error","msg":"密码错误","time":"2024-12-30T17:29:05+08:00"}
{"level":"error","msg":"密码错误","time":"2024-12-30T17:29:36+08:00"}
{"level":"error","msg":"密码错误","time":"2024-12-30T17:32:56+08:00"}
{"level":"error","msg":"密码错误","time":"2024-12-30T17:34:43+08:00"}
{"level":"error","msg":"密码错误","time":"2024-12-30T17:35:26+08:00"}
{"level":"error","msg":"用户不存在","time":"2024-12-30T17:37:44+08:00"}
{"level":"info","msg":"成功连接到MySQL数据库","time":"2024-12-30T18:50:07+08:00"}
{"level":"info","msg":"HTTP服务器启动在端口:8080\n","time":"2024-12-30T18:50:07+08:00"}
{"level":"info","msg":"成功连接到MySQL数据库","time":"2024-12-30T18:51:53+08:00"}
{"level":"info","msg":"HTTP服务器启动在端口:8080\n","time":"2024-12-30T18:51:53+08:00"}
{"level":"info","msg":"成功连接到MySQL数据库","time":"2024-12-30T18:52:25+08:00"}
{"level":"info","msg":"HTTP服务器启动在端口:8080\n","time":"2024-12-30T18:52:48+08:00"}
{"level":"info","msg":"成功连接到MySQL数据库","time":"2024-12-30T18:58:07+08:00"}
{"level":"info","msg":"HTTP服务器启动在端口:8080\n","time":"2024-12-30T18:58:07+08:00"}
{"level":"info","msg":"成功连接到MySQL数据库","time":"2024-12-30T19:03:16+08:00"}
{"level":"info","msg":"HTTP服务器启动在端口:8080\n","time":"2024-12-30T19:03:16+08:00"}
{"level":"error","msg":"Error 1366 (HY000): Incorrect string value: '\\xCE\\xD2\\xB5\\xC4\\xBA\\xC3...' for column 'group_name' at row 1","time":"2024-12-30T19:06:34+08:00"}
{"level":"error","msg":"Error 1366 (HY000): Incorrect string value: '\\xCE\\xD2\\xB5\\xC4\\xBA\\xC3...' for column 'group_name' at row 1","time":"2024-12-30T19:08:39+08:00"}
{"level":"info","msg":"成功连接到MySQL数据库","time":"2024-12-30T19:56:53+08:00"}
{"level":"info","msg":"HTTP服务器启动在端口:8080\n","time":"2024-12-30T19:56:53+08:00"}
{"level":"info","msg":"成功连接到MySQL数据库","time":"2024-12-30T20:00:12+08:00"}
{"level":"info","msg":"HTTP服务器启动在端口:8080\n","time":"2024-12-30T20:00:12+08:00"}
{"level":"error","msg":"Error 1054 (42S22): Unknown column 'friendships.deleted_at' in 'where clause'","time":"2024-12-30T20:03:13+08:00"}
{"level":"error","msg":"Error 1054 (42S22): Unknown column 'friendships.deleted_at' in 'where clause'","time":"2024-12-30T20:03:33+08:00"}
{"level":"info","msg":"成功连接到MySQL数据库","time":"2024-12-30T20:04:06+08:00"}
{"level":"info","msg":"HTTP服务器启动在端口:8080\n","time":"2024-12-30T20:04:06+08:00"}
{"level":"info","msg":"成功连接到MySQL数据库","time":"2024-12-30T20:21:04+08:00"}
{"level":"info","msg":"HTTP服务器启动在端口:8080\n","time":"2024-12-30T20:21:04+08:00"}
{"level":"error","msg":"好友不存在","time":"2024-12-30T20:21:19+08:00"}
{"level":"error","msg":"Error 1452 (23000): Cannot add or update a child row: a foreign key constraint fails (`im_db`.`friendships`, CONSTRAINT `friendships_ibfk_1` FOREIGN KEY (`user_id`) REFERENCES `users` (`id`))","time":"2024-12-30T20:23:09+08:00"}
{"level":"error","msg":"Error 1452 (23000): Cannot add or update a child row: a foreign key constraint fails (`im_db`.`friendships`, CONSTRAINT `friendships_ibfk_1` FOREIGN KEY (`user_id`) REFERENCES `users` (`id`))","time":"2024-12-30T20:24:06+08:00"}
{"level":"info","msg":"成功连接到MySQL数据库","time":"2024-12-30T20:28:15+08:00"}
{"level":"info","msg":"HTTP服务器启动在端口:8080\n","time":"2024-12-30T20:28:15+08:00"}
{"level":"error","msg":"Error 1054 (42S22): Unknown column 'deleted_at' in 'field list'","time":"2024-12-30T20:28:25+08:00"}
{"level":"error","msg":"Error 1054 (42S22): Unknown column 'deleted_at' in 'field list'","time":"2024-12-30T20:28:25+08:00"}
{"level":"info","msg":"成功连接到MySQL数据库","time":"2024-12-30T20:29:35+08:00"}
{"level":"info","msg":"HTTP服务器启动在端口:8080\n","time":"2024-12-30T20:29:35+08:00"}
{"level":"info","msg":"成功连接到MySQL数据库","time":"2024-12-30T20:40:06+08:00"}
{"level":"info","msg":"HTTP服务器启动在端口:8080\n","time":"2024-12-30T20:40:06+08:00"}
{"level":"info","msg":"成功连接到MySQL数据库","time":"2024-12-30T21:22:47+08:00"}
{"level":"info","msg":"HTTP服务器启动在端口:8080\n","time":"2024-12-30T21:22:47+08:00"}
{"level":"info","msg":"成功连接到MySQL数据库","time":"2024-12-30T21:32:41+08:00"}
{"level":"info","msg":"HTTP服务器启动在端口:8080\n","time":"2024-12-30T21:32:41+08:00"}
{"level":"error","msg":"用户不存在","time":"2024-12-30T21:33:17+08:00"}
{"level":"error","msg":"Error 1452 (23000): Cannot add or update a child row: a foreign key constraint fails (`im_db`.`friendships`, CONSTRAINT `friendships_ibfk_3` FOREIGN KEY (`group_id`) REFERENCES `friend_groups` (`id`))","time":"2024-12-30T21:38:53+08:00"}
{"level":"error","msg":"Error 1054 (42S22): Unknown column '？' in 'where clause'","time":"2024-12-30T21:43:01+08:00"}
{"level":"info","msg":"成功连接到MySQL数据库","time":"2024-12-30T21:44:04+08:00"}
{"level":"info","msg":"HTTP服务器启动在端口:8080\n","time":"2024-12-30T21:44:04+08:00"}
{"level":"info","msg":"成功连接到MySQL数据库","time":"2024-12-30T22:17:26+08:00"}
{"level":"info","msg":"HTTP服务器启动在端口:8080\n","time":"2024-12-30T22:17:26+08:00"}
{"level":"info","msg":"成功连接到MySQL数据库","time":"2024-12-30T22:30:22+08:00"}
{"level":"info","msg":"HTTP服务器启动在端口:8080\n","time":"2024-12-30T22:30:22+08:00"}
{"level":"info","msg":"成功连接到MySQL数据库","time":"2024-12-30T22:33:01+08:00"}
{"level":"info","msg":"HTTP服务器启动在端口:8080\n","time":"2024-12-30T22:33:01+08:00"}
{"level":"info","msg":"成功连接到MySQL数据库","time":"2024-12-30T22:33:47+08:00"}
{"level":"info","msg":"HTTP服务器启动在端口:8080\n","time":"2024-12-30T22:33:47+08:00"}
{"level":"info","msg":"成功连接到MySQL数据库","time":"2024-12-30T22:35:42+08:00"}
{"level":"info","msg":"HTTP服务器启动在端口:8080\n","time":"2024-12-30T22:35:42+08:00"}
