{"level":"info","msg":"成功连接到MySQL数据库","time":"2025-01-07T13:49:04+08:00"}
{"level":"info","msg":"HTTP服务器启动在端口:8080\n","time":"2025-01-07T13:49:04+08:00"}
{"level":"error","msg":"手机号已经被注册","time":"2025-01-07T13:59:51+08:00"}
{"level":"info","msg":"成功连接到MySQL数据库","time":"2025-01-07T14:23:57+08:00"}
{"level":"info","msg":"HTTP服务器启动在端口:8080\n","time":"2025-01-07T14:23:57+08:00"}
{"level":"info","msg":"成功连接到MySQL数据库","time":"2025-01-07T14:56:41+08:00"}
{"level":"info","msg":"HTTP服务器启动在端口:8080\n","time":"2025-01-07T14:56:41+08:00"}
{"level":"info","msg":"成功连接到MySQL数据库","time":"2025-01-07T14:58:17+08:00"}
{"level":"info","msg":"HTTP服务器启动在端口:8080\n","time":"2025-01-07T14:58:17+08:00"}
{"level":"info","msg":"成功连接到MySQL数据库","time":"2025-01-07T15:05:28+08:00"}
{"level":"info","msg":"HTTP服务器启动在端口:8080\n","time":"2025-01-07T15:05:28+08:00"}
{"level":"info","msg":"成功连接到MySQL数据库","time":"2025-01-07T15:09:54+08:00"}
{"level":"info","msg":"HTTP服务器启动在端口:8080\n","time":"2025-01-07T15:09:54+08:00"}
{"level":"info","msg":"成功连接到MySQL数据库","time":"2025-01-07T15:19:01+08:00"}
{"level":"info","msg":"HTTP服务器启动在端口:8080\n","time":"2025-01-07T15:19:01+08:00"}
{"level":"info","msg":"成功连接到MySQL数据库","time":"2025-01-07T15:38:03+08:00"}
{"level":"info","msg":"HTTP服务器启动在端口:8080\n","time":"2025-01-07T15:38:03+08:00"}
{"level":"info","msg":"成功连接到MySQL数据库","time":"2025-01-07T15:44:33+08:00"}
{"level":"info","msg":"HTTP服务器启动在端口:8080\n","time":"2025-01-07T15:44:33+08:00"}
{"level":"info","msg":"成功连接到MySQL数据库","time":"2025-01-07T15:49:17+08:00"}
{"level":"info","msg":"HTTP服务器启动在端口:8080\n","time":"2025-01-07T15:49:17+08:00"}
{"level":"info","msg":"成功连接到MySQL数据库","time":"2025-01-07T16:16:12+08:00"}
{"level":"info","msg":"HTTP服务器启动在端口:8080\n","time":"2025-01-07T16:16:12+08:00"}
{"level":"info","msg":"成功连接到MySQL数据库","time":"2025-01-07T16:25:09+08:00"}
{"level":"info","msg":"HTTP服务器启动在端口:8080\n","time":"2025-01-07T16:25:09+08:00"}
{"level":"info","msg":"成功连接到MySQL数据库","time":"2025-01-07T16:26:23+08:00"}
{"level":"info","msg":"HTTP服务器启动在端口:8080\n","time":"2025-01-07T16:26:23+08:00"}
{"level":"info","msg":"成功连接到MySQL数据库","time":"2025-01-07T16:28:58+08:00"}
{"level":"info","msg":"HTTP服务器启动在端口:8080\n","time":"2025-01-07T16:28:58+08:00"}
{"level":"info","msg":"成功连接到MySQL数据库","time":"2025-01-07T17:10:54+08:00"}
{"level":"info","msg":"HTTP服务器启动在端口:8080\n","time":"2025-01-07T17:10:54+08:00"}
{"level":"error","msg":"分组不存在","time":"2025-01-07T17:11:39+08:00"}
{"level":"info","msg":"成功连接到MySQL数据库","time":"2025-01-07T17:13:19+08:00"}
{"level":"info","msg":"HTTP服务器启动在端口:8080\n","time":"2025-01-07T17:13:19+08:00"}
{"level":"error","msg":"sql: Scan called without calling Next","time":"2025-01-07T17:16:33+08:00"}
{"level":"info","msg":"成功连接到MySQL数据库","time":"2025-01-07T17:17:14+08:00"}
{"level":"info","msg":"HTTP服务器启动在端口:8080\n","time":"2025-01-07T17:17:14+08:00"}
{"level":"error","msg":"sql: Scan called without calling Next","time":"2025-01-07T17:17:20+08:00"}
{"level":"error","msg":"sql: Scan called without calling Next","time":"2025-01-07T17:18:40+08:00"}
{"level":"info","msg":"成功连接到MySQL数据库","time":"2025-01-07T17:18:49+08:00"}
{"level":"info","msg":"HTTP服务器启动在端口:8080\n","time":"2025-01-07T17:18:49+08:00"}
