{"level":"info","msg":"成功连接到MySQL数据库","time":"2024-12-31T11:27:18+08:00"}
{"level":"info","msg":"HTTP服务器启动在端口:8080\n","time":"2024-12-31T11:27:18+08:00"}
{"level":"info","msg":"成功连接到MySQL数据库","time":"2024-12-31T11:49:37+08:00"}
{"level":"info","msg":"HTTP服务器启动在端口:8080\n","time":"2024-12-31T11:49:37+08:00"}
{"level":"info","msg":"成功连接到MySQL数据库","time":"2024-12-31T11:55:04+08:00"}
{"level":"info","msg":"HTTP服务器启动在端口:8080\n","time":"2024-12-31T11:55:04+08:00"}
{"level":"info","msg":"成功连接到MySQL数据库","time":"2024-12-31T11:55:32+08:00"}
{"level":"info","msg":"HTTP服务器启动在端口:8080\n","time":"2024-12-31T11:55:32+08:00"}
{"level":"info","msg":"成功连接到MySQL数据库","time":"2024-12-31T11:56:59+08:00"}
{"level":"info","msg":"HTTP服务器启动在端口:8080\n","time":"2024-12-31T11:56:59+08:00"}
{"level":"error","msg":"Error 1406 (22001): Data too long for column 'group_avatar' at row 1","time":"2024-12-31T11:57:01+08:00"}
{"level":"info","msg":"成功连接到MySQL数据库","time":"2024-12-31T12:09:32+08:00"}
{"level":"info","msg":"HTTP服务器启动在端口:8080\n","time":"2024-12-31T12:09:32+08:00"}
{"level":"error","msg":"用户不存在","time":"2024-12-31T12:11:06+08:00"}
{"level":"error","msg":"密码错误","time":"2024-12-31T12:12:56+08:00"}
{"level":"error","msg":"密码错误","time":"2024-12-31T12:13:17+08:00"}
{"level":"info","msg":"成功连接到MySQL数据库","time":"2024-12-31T12:15:59+08:00"}
{"level":"info","msg":"HTTP服务器启动在端口:8080\n","time":"2024-12-31T12:15:59+08:00"}
{"level":"info","msg":"成功连接到MySQL数据库","time":"2024-12-31T12:16:26+08:00"}
{"level":"info","msg":"HTTP服务器启动在端口:8080\n","time":"2024-12-31T12:16:26+08:00"}
{"level":"info","msg":"成功连接到MySQL数据库","time":"2024-12-31T12:20:37+08:00"}
{"level":"info","msg":"HTTP服务器启动在端口:8080\n","time":"2024-12-31T12:20:37+08:00"}
{"level":"info","msg":"成功连接到MySQL数据库","time":"2024-12-31T12:33:10+08:00"}
{"level":"info","msg":"HTTP服务器启动在端口:8080\n","time":"2024-12-31T12:33:10+08:00"}
{"level":"info","msg":"成功连接到MySQL数据库","time":"2024-12-31T13:25:15+08:00"}
{"level":"info","msg":"HTTP服务器启动在端口:8080\n","time":"2024-12-31T13:25:15+08:00"}
{"level":"info","msg":"成功连接到MySQL数据库","time":"2024-12-31T13:27:51+08:00"}
{"level":"info","msg":"HTTP服务器启动在端口:8080\n","time":"2024-12-31T13:27:51+08:00"}
{"level":"info","msg":"成功连接到MySQL数据库","time":"2024-12-31T13:30:04+08:00"}
{"level":"info","msg":"HTTP服务器启动在端口:8080\n","time":"2024-12-31T13:30:04+08:00"}
{"level":"info","msg":"成功连接到MySQL数据库","time":"2024-12-31T13:36:53+08:00"}
{"level":"info","msg":"HTTP服务器启动在端口:8080\n","time":"2024-12-31T13:36:53+08:00"}
